d:\documents\insa\poo\diaballik\test2diabaliik\diaballik-villiers-lelarge\ialib\debug\vc141.pdb
d:\documents\insa\poo\diaballik\test2diabaliik\diaballik-villiers-lelarge\ialib\debug\vc141.idb
d:\documents\insa\poo\diaballik\test2diabaliik\diaballik-villiers-lelarge\ialib\debug\apilib.obj
d:\documents\insa\poo\diaballik\test2diabaliik\diaballik-villiers-lelarge\ialib\debug\convertdataapi.obj
d:\documents\insa\poo\diaballik\test2diabaliik\diaballik-villiers-lelarge\ialib\debug\coordinate.obj
d:\documents\insa\poo\diaballik\test2diabaliik\diaballik-villiers-lelarge\ialib\debug\main.obj
d:\documents\insa\poo\diaballik\test2diabaliik\diaballik-villiers-lelarge\ialib\debug\noob.obj
d:\documents\insa\poo\diaballik\test2diabaliik\diaballik-villiers-lelarge\ialib\debug\progressive.obj
d:\documents\insa\poo\diaballik\test2diabaliik\diaballik-villiers-lelarge\ialib\debug\selectionball.obj
d:\documents\insa\poo\diaballik\test2diabaliik\diaballik-villiers-lelarge\ialib\debug\selectionpiece.obj
d:\documents\insa\poo\diaballik\test2diabaliik\diaballik-villiers-lelarge\ialib\debug\starting.obj
d:\documents\insa\poo\diaballik\test2diabaliik\diaballik-villiers-lelarge\debug\libcpp.lib
d:\documents\insa\poo\diaballik\test2diabaliik\diaballik-villiers-lelarge\debug\libcpp.exp
d:\documents\insa\poo\diaballik\test2diabaliik\diaballik-villiers-lelarge\debug\libcpp.dll
d:\documents\insa\poo\diaballik\test2diabaliik\diaballik-villiers-lelarge\debug\libcpp.ilk
d:\documents\insa\poo\diaballik\test2diabaliik\diaballik-villiers-lelarge\debug\libcpp.pdb
d:\documents\insa\poo\diaballik\test2diabaliik\diaballik-villiers-lelarge\ialib\debug\libcpp.tlog\cl.command.1.tlog
d:\documents\insa\poo\diaballik\test2diabaliik\diaballik-villiers-lelarge\ialib\debug\libcpp.tlog\cl.read.1.tlog
d:\documents\insa\poo\diaballik\test2diabaliik\diaballik-villiers-lelarge\ialib\debug\libcpp.tlog\cl.write.1.tlog
d:\documents\insa\poo\diaballik\test2diabaliik\diaballik-villiers-lelarge\ialib\debug\libcpp.tlog\libcpp.write.1u.tlog
d:\documents\insa\poo\diaballik\test2diabaliik\diaballik-villiers-lelarge\ialib\debug\libcpp.tlog\link.command.1.tlog
d:\documents\insa\poo\diaballik\test2diabaliik\diaballik-villiers-lelarge\ialib\debug\libcpp.tlog\link.read.1.tlog
d:\documents\insa\poo\diaballik\test2diabaliik\diaballik-villiers-lelarge\ialib\debug\libcpp.tlog\link.write.1.tlog
